d:\temp\icp-template2021\icp\icp\x64\debug\vc142.pdb
d:\temp\icp-template2021\icp\icp\x64\debug\vc142.idb
d:\temp\icp-template2021\icp\icp\x64\debug\texture.obj
d:\temp\icp-template2021\icp\icp\x64\debug\shaders.obj
d:\temp\icp-template2021\icp\icp\x64\debug\objloader.obj
d:\temp\icp-template2021\icp\icp\x64\debug\mesh_init.obj
d:\temp\icp-template2021\icp\icp\x64\debug\mesh.obj
d:\temp\icp-template2021\icp\icp\x64\debug\lua_interface.obj
d:\temp\icp-template2021\icp\icp\x64\debug\lua_engine.obj
d:\temp\icp-template2021\icp\icp\x64\debug\init.obj
d:\temp\icp-template2021\icp\icp\x64\debug\icp.obj
d:\temp\icp-template2021\icp\icp\x64\debug\globals.obj
d:\temp\icp-template2021\icp\icp\x64\debug\glerror.obj
d:\temp\icp-template2021\icp\x64\debug\icp.exe
d:\temp\icp-template2021\icp\icp\x64\debug\icp.ilk
d:\temp\icp-template2021\icp\x64\debug\icp.pdb
d:\temp\icp-template2021\icp\icp\x64\debug\icp.tlog\cl.command.1.tlog
d:\temp\icp-template2021\icp\icp\x64\debug\icp.tlog\cl.read.1.tlog
d:\temp\icp-template2021\icp\icp\x64\debug\icp.tlog\cl.write.1.tlog
d:\temp\icp-template2021\icp\icp\x64\debug\icp.tlog\link.command.1.tlog
d:\temp\icp-template2021\icp\icp\x64\debug\icp.tlog\link.read.1.tlog
d:\temp\icp-template2021\icp\icp\x64\debug\icp.tlog\link.write.1.tlog
